<?xml version="1.0" encoding="UTF-8"?>
<!-- Generated by org.testng.reporters.JUnitXMLReporter -->
<testsuite ignored="1" hostname="DESKTOP-6KB0CJ8" failures="0" tests="1" name="Default test" time="0.187" errors="0" timestamp="2025-12-23T23:48:31 PKT">
  <testcase classname="com.management.Registration2" name="Registrationform" time="0.053"/>
  <testcase classname="com.management.Registration2" name="form" time="0.0">
    <ignored/>
  </testcase> <!-- form -->
</testsuite> <!-- Default test -->
