<?xml version="1.0" encoding="UTF-8"?>
<!-- Generated by org.testng.reporters.JUnitXMLReporter -->
<testsuite ignored="5" hostname="DESKTOP-6KB0CJ8" failures="0" tests="1" name="Test" time="1.703" errors="0" timestamp="2026-01-01T17:20:37 PKT">
  <testcase classname="com.management.Registration2" name="Registrationform" time="1.614"/>
  <testcase classname="com.management.FileUploadtest" name="LOCATOR" time="0.0">
    <ignored/>
  </testcase> <!-- LOCATOR -->
  <testcase classname="com.management.Registration2" name="form" time="0.0">
    <ignored/>
  </testcase> <!-- form -->
  <testcase classname="com.management.FileUploadtest" name="CHECKBOX" time="0.0">
    <ignored/>
  </testcase> <!-- CHECKBOX -->
  <testcase classname="com.management.Login" name="loginbutton" time="0.0">
    <ignored/>
  </testcase> <!-- loginbutton -->
  <testcase classname="com.management.Login" name="loginpage" time="0.0">
    <ignored/>
  </testcase> <!-- loginpage -->
</testsuite> <!-- Test -->
