<?xml version="1.0" encoding="UTF-8"?>
<!-- Generated by org.testng.reporters.JUnitXMLReporter -->
<testsuite ignored="5" hostname="DESKTOP-6KB0CJ8" failures="0" tests="2" name="Test" time="7.555" errors="0" timestamp="2025-12-24T10:45:00 PKT">
  <testcase classname="com.unique.Unique" name="browse" time="5.514"/>
  <testcase classname="com.management.Registration2" name="Registrationform" time="1.906"/>
  <testcase classname="com.management.FileUploadtest" name="CHECKBOX" time="0.0">
    <ignored/>
  </testcase> <!-- CHECKBOX -->
  <testcase classname="com.management.Registration2" name="form" time="0.0">
    <ignored/>
  </testcase> <!-- form -->
  <testcase classname="com.management.FileUploadtest" name="LOCATOR" time="0.0">
    <ignored/>
  </testcase> <!-- LOCATOR -->
  <testcase classname="com.management.Login" name="loginpage" time="0.0">
    <ignored/>
  </testcase> <!-- loginpage -->
  <testcase classname="com.management.Login" name="loginbutton" time="0.0">
    <ignored/>
  </testcase> <!-- loginbutton -->
</testsuite> <!-- Test -->
