2025-12-22 20:58:16 DEBUG - suiteXmlPath: "C:\Users\SSC~1\AppData\Local\Temp\testng-eclipse--963834551\testng-customsuite.xml"
2025-12-22 20:58:16 INFO  - [Utils] MethodGroupsHelper.collectMethodsByGroup() took 1 ms.
2025-12-22 20:58:16 INFO  - [Utils] MethodGroupsHelper.sortMethods() took 2 ms.
2025-12-22 20:58:16 INFO  - [Utils] MethodGroupsHelper.collectMethodsByGroup() took 0 ms.
2025-12-22 20:58:16 INFO  - [Utils] MethodGroupsHelper.sortMethods() took 0 ms.
2025-12-22 20:58:16 INFO  - [Utils] MethodGroupsHelper.collectMethodsByGroup() took 0 ms.
2025-12-22 20:58:16 INFO  - [Utils] MethodGroupsHelper.sortMethods() took 0 ms.
2025-12-22 20:58:16 INFO  - [Utils] MethodGroupsHelper.collectMethodsByGroup() took 0 ms.
2025-12-22 20:58:16 INFO  - [Utils] MethodGroupsHelper.sortMethods() took 0 ms.
2025-12-22 20:58:16 INFO  - [Utils] MethodGroupsHelper.collectMethodsByGroup() took 0 ms.
2025-12-22 20:58:16 INFO  - [Utils] MethodGroupsHelper.sortMethods() took 0 ms.
2025-12-22 20:58:16 INFO  - [Utils] MethodGroupsHelper.collectMethodsByGroup() took 0 ms.
2025-12-22 20:58:16 INFO  - [Utils] MethodGroupsHelper.sortMethods() took 0 ms.
2025-12-22 20:58:16 INFO  - [Utils] MethodGroupsHelper.collectMethodsByGroup() took 0 ms.
2025-12-22 20:58:16 INFO  - [Utils] MethodGroupsHelper.sortMethods() took 0 ms.
2025-12-22 20:58:16 INFO  - [Utils] MethodGroupsHelper.collectMethodsByGroup() took 0 ms.
2025-12-22 20:58:16 INFO  - [Utils] MethodGroupsHelper.sortMethods() took 0 ms.
2025-12-22 20:58:16 INFO  - [Utils] MethodGroupsHelper.collectMethodsByGroup() took 0 ms.
2025-12-22 20:58:16 INFO  - [Utils] MethodGroupsHelper.sortMethods() took 0 ms.
2025-12-22 20:58:16 INFO  - [Utils] MethodGroupsHelper.collectMethodsByGroup() took 0 ms.
2025-12-22 20:58:16 INFO  - [Utils] MethodGroupsHelper.sortMethods() took 0 ms.
2025-12-22 20:58:16 INFO  - [Utils] MethodGroupsHelper.collectMethodsByGroup() took 0 ms.
2025-12-22 20:58:16 INFO  - [Utils] MethodGroupsHelper.sortMethods() took 0 ms.
2025-12-22 20:58:16 INFO  - [Utils] MethodGroupsHelper.collectMethodsByGroup() took 0 ms.
2025-12-22 20:58:16 INFO  - [Utils] MethodGroupsHelper.sortMethods() took 0 ms.
2025-12-22 20:58:16 INFO  - [Utils] MethodGroupsHelper.collectMethodsByGroup() took 11 ms.
2025-12-22 20:58:16 INFO  - [Utils] MethodGroupsHelper.sortMethods() took 13 ms.
2025-12-22 20:58:16 INFO  - [Utils] MethodGroupsHelper.collectMethodsByGroup() took 0 ms.
2025-12-22 20:58:16 INFO  - [Utils] MethodGroupsHelper.sortMethods() took 0 ms.
2025-12-22 20:58:16 INFO  - [Utils] MethodGroupsHelper.collectMethodsByGroup() took 0 ms.
2025-12-22 20:58:16 INFO  - [Utils] MethodGroupsHelper.sortMethods() took 0 ms.
2025-12-22 20:58:16 INFO  - [TestNG] Running:
  C:\Users\SS C\AppData\Local\Temp\testng-eclipse--963834551\testng-customsuite.xml

2025-12-22 20:58:16 INFO  - [Utils] DynamicGraphHelper.createDynamicGraph() took 8 ms.
2025-12-22 20:58:20 INFO  - Launching a chrome browsers
2025-12-22 20:58:20 INFO  - Application started
2025-12-22 20:58:20 WARN  - Warning message
2025-12-22 20:58:24 INFO  - [TestNG] Time taken by org.testng.reporters.jq.Main@5467eea4: 160 ms
2025-12-22 20:58:24 INFO  - [TestNG] Time taken by org.testng.reporters.FailedReporter@40ab8a8: 4 ms
2025-12-22 20:58:25 INFO  - [TestNG] Time taken by org.testng.reporters.XMLReporter@2eb79cbe: 15 ms
2025-12-22 20:58:25 INFO  - [TestNG] Time taken by org.testng.reporters.EmailableReporter2@5bfc257: 13 ms
2025-12-22 20:58:25 INFO  - [TestNG] Time taken by org.testng.reporters.JUnitReportReporter@3af356f: 12 ms
2025-12-22 20:58:25 INFO  - [TestNG] Time taken by org.testng.internal.ExitCodeListener@4443ef6f: 0 ms
2025-12-23 19:41:32 DEBUG - suiteXmlPath: "E:\Automation\Practice1\testng.xml"
2025-12-23 19:41:33 INFO  - [TestNG] Running:
  E:\Automation\Practice1\testng.xml

2025-12-23 19:42:03 INFO  - Launching a chrome browsers
2025-12-23 19:42:03 INFO  - Application started
2025-12-23 19:42:03 WARN  - Warning message
2025-12-23 19:42:03 ERROR - Test Faileur
2025-12-23 19:42:08 INFO  - Waiting for First Name field
2025-12-23 19:42:08 INFO  - First Name field found and enabled
2025-12-23 19:42:08 INFO  - Entered First Name: AISHA
2025-12-23 19:45:06 DEBUG - suiteXmlPath: "E:\Automation\Practice1\testng.xml"
2025-12-23 19:45:07 INFO  - [TestNG] Running:
  E:\Automation\Practice1\testng.xml

2025-12-23 19:45:11 INFO  - Launching a chrome browsers
2025-12-23 19:45:11 INFO  - Application started
2025-12-23 19:45:11 WARN  - Warning message
2025-12-23 19:45:11 ERROR - Test Faileur
2025-12-23 19:45:13 INFO  - Waiting for First Name field
2025-12-23 19:45:13 INFO  - First Name field found and enabled
2025-12-23 19:45:14 INFO  - Entered First Name: AISHA
2025-12-23 23:47:40 DEBUG - suiteXmlPath: "C:\Users\SSC~1\AppData\Local\Temp\testng-eclipse--2026863829\testng-customsuite.xml"
2025-12-23 23:47:40 INFO  - [Utils] MethodGroupsHelper.collectMethodsByGroup() took 0 ms.
2025-12-23 23:47:40 INFO  - [Utils] MethodGroupsHelper.sortMethods() took 2 ms.
2025-12-23 23:47:40 INFO  - [Utils] MethodGroupsHelper.collectMethodsByGroup() took 0 ms.
2025-12-23 23:47:40 INFO  - [Utils] MethodGroupsHelper.sortMethods() took 0 ms.
2025-12-23 23:47:40 INFO  - [Utils] MethodGroupsHelper.collectMethodsByGroup() took 0 ms.
2025-12-23 23:47:40 INFO  - [Utils] MethodGroupsHelper.sortMethods() took 0 ms.
2025-12-23 23:47:40 INFO  - [Utils] MethodGroupsHelper.collectMethodsByGroup() took 0 ms.
2025-12-23 23:47:40 INFO  - [Utils] MethodGroupsHelper.sortMethods() took 0 ms.
2025-12-23 23:47:40 INFO  - [Utils] MethodGroupsHelper.collectMethodsByGroup() took 0 ms.
2025-12-23 23:47:40 INFO  - [Utils] MethodGroupsHelper.sortMethods() took 0 ms.
2025-12-23 23:47:40 INFO  - [Utils] MethodGroupsHelper.collectMethodsByGroup() took 0 ms.
2025-12-23 23:47:40 INFO  - [Utils] MethodGroupsHelper.sortMethods() took 0 ms.
2025-12-23 23:47:40 INFO  - [Utils] MethodGroupsHelper.collectMethodsByGroup() took 0 ms.
2025-12-23 23:47:40 INFO  - [Utils] MethodGroupsHelper.sortMethods() took 0 ms.
2025-12-23 23:47:40 INFO  - [Utils] MethodGroupsHelper.collectMethodsByGroup() took 0 ms.
2025-12-23 23:47:40 INFO  - [Utils] MethodGroupsHelper.sortMethods() took 0 ms.
2025-12-23 23:47:40 INFO  - [Utils] MethodGroupsHelper.collectMethodsByGroup() took 0 ms.
2025-12-23 23:47:40 INFO  - [Utils] MethodGroupsHelper.sortMethods() took 0 ms.
2025-12-23 23:47:40 INFO  - [Utils] MethodGroupsHelper.collectMethodsByGroup() took 0 ms.
2025-12-23 23:47:40 INFO  - [Utils] MethodGroupsHelper.sortMethods() took 0 ms.
2025-12-23 23:47:40 INFO  - [Utils] MethodGroupsHelper.collectMethodsByGroup() took 0 ms.
2025-12-23 23:47:40 INFO  - [Utils] MethodGroupsHelper.sortMethods() took 0 ms.
2025-12-23 23:47:40 INFO  - [Utils] MethodGroupsHelper.collectMethodsByGroup() took 0 ms.
2025-12-23 23:47:40 INFO  - [Utils] MethodGroupsHelper.sortMethods() took 0 ms.
2025-12-23 23:47:40 INFO  - [Utils] MethodGroupsHelper.collectMethodsByGroup() took 16 ms.
2025-12-23 23:47:40 INFO  - [Utils] MethodGroupsHelper.sortMethods() took 15 ms.
2025-12-23 23:47:40 INFO  - [Utils] MethodGroupsHelper.collectMethodsByGroup() took 0 ms.
2025-12-23 23:47:40 INFO  - [Utils] MethodGroupsHelper.sortMethods() took 0 ms.
2025-12-23 23:47:40 INFO  - [Utils] MethodGroupsHelper.collectMethodsByGroup() took 0 ms.
2025-12-23 23:47:40 INFO  - [Utils] MethodGroupsHelper.sortMethods() took 0 ms.
2025-12-23 23:47:40 INFO  - [TestNG] Running:
  C:\Users\SS C\AppData\Local\Temp\testng-eclipse--2026863829\testng-customsuite.xml

2025-12-23 23:47:40 INFO  - [Utils] DynamicGraphHelper.createDynamicGraph() took 14 ms.
2025-12-23 23:47:42 INFO  - [TestNG] Time taken by org.testng.reporters.jq.Main@10fde30a: 324 ms
2025-12-23 23:47:42 INFO  - [TestNG] Time taken by org.testng.reporters.FailedReporter@346939bf: 4 ms
2025-12-23 23:47:42 INFO  - [TestNG] Time taken by org.testng.reporters.XMLReporter@7db82169: 16 ms
2025-12-23 23:47:42 INFO  - [TestNG] Time taken by org.testng.reporters.EmailableReporter2@b40bb6e: 14 ms
2025-12-23 23:47:42 INFO  - [TestNG] Time taken by org.testng.reporters.JUnitReportReporter@107ed6fc: 13 ms
2025-12-23 23:47:42 INFO  - [TestNG] Time taken by org.testng.internal.ExitCodeListener@1643d68f: 0 ms
2025-12-23 23:48:30 DEBUG - suiteXmlPath: "C:\Users\SSC~1\AppData\Local\Temp\testng-eclipse-135317720\testng-customsuite.xml"
2025-12-23 23:48:31 INFO  - [Utils] MethodGroupsHelper.collectMethodsByGroup() took 2 ms.
2025-12-23 23:48:31 INFO  - [Utils] MethodGroupsHelper.sortMethods() took 1 ms.
2025-12-23 23:48:31 INFO  - [Utils] MethodGroupsHelper.collectMethodsByGroup() took 0 ms.
2025-12-23 23:48:31 INFO  - [Utils] MethodGroupsHelper.sortMethods() took 0 ms.
2025-12-23 23:48:31 INFO  - [Utils] MethodGroupsHelper.collectMethodsByGroup() took 0 ms.
2025-12-23 23:48:31 INFO  - [Utils] MethodGroupsHelper.sortMethods() took 0 ms.
2025-12-23 23:48:31 INFO  - [Utils] MethodGroupsHelper.collectMethodsByGroup() took 0 ms.
2025-12-23 23:48:31 INFO  - [Utils] MethodGroupsHelper.sortMethods() took 0 ms.
2025-12-23 23:48:31 INFO  - [Utils] MethodGroupsHelper.collectMethodsByGroup() took 0 ms.
2025-12-23 23:48:31 INFO  - [Utils] MethodGroupsHelper.sortMethods() took 0 ms.
2025-12-23 23:48:31 INFO  - [Utils] MethodGroupsHelper.collectMethodsByGroup() took 0 ms.
2025-12-23 23:48:31 INFO  - [Utils] MethodGroupsHelper.sortMethods() took 0 ms.
2025-12-23 23:48:31 INFO  - [Utils] MethodGroupsHelper.collectMethodsByGroup() took 0 ms.
2025-12-23 23:48:31 INFO  - [Utils] MethodGroupsHelper.sortMethods() took 0 ms.
2025-12-23 23:48:31 INFO  - [Utils] MethodGroupsHelper.collectMethodsByGroup() took 0 ms.
2025-12-23 23:48:31 INFO  - [Utils] MethodGroupsHelper.sortMethods() took 0 ms.
2025-12-23 23:48:31 INFO  - [Utils] MethodGroupsHelper.collectMethodsByGroup() took 0 ms.
2025-12-23 23:48:31 INFO  - [Utils] MethodGroupsHelper.sortMethods() took 0 ms.
2025-12-23 23:48:31 INFO  - [Utils] MethodGroupsHelper.collectMethodsByGroup() took 0 ms.
2025-12-23 23:48:31 INFO  - [Utils] MethodGroupsHelper.sortMethods() took 0 ms.
2025-12-23 23:48:31 INFO  - [Utils] MethodGroupsHelper.collectMethodsByGroup() took 0 ms.
2025-12-23 23:48:31 INFO  - [Utils] MethodGroupsHelper.sortMethods() took 0 ms.
2025-12-23 23:48:31 INFO  - [Utils] MethodGroupsHelper.collectMethodsByGroup() took 0 ms.
2025-12-23 23:48:31 INFO  - [Utils] MethodGroupsHelper.sortMethods() took 0 ms.
2025-12-23 23:48:31 INFO  - [Utils] MethodGroupsHelper.collectMethodsByGroup() took 15 ms.
2025-12-23 23:48:31 INFO  - [Utils] MethodGroupsHelper.sortMethods() took 18 ms.
2025-12-23 23:48:31 INFO  - [Utils] MethodGroupsHelper.collectMethodsByGroup() took 0 ms.
2025-12-23 23:48:31 INFO  - [Utils] MethodGroupsHelper.sortMethods() took 0 ms.
2025-12-23 23:48:31 INFO  - [Utils] MethodGroupsHelper.collectMethodsByGroup() took 0 ms.
2025-12-23 23:48:31 INFO  - [Utils] MethodGroupsHelper.sortMethods() took 0 ms.
2025-12-23 23:48:31 INFO  - [TestNG] Running:
  C:\Users\SS C\AppData\Local\Temp\testng-eclipse-135317720\testng-customsuite.xml

2025-12-23 23:48:31 INFO  - [Utils] DynamicGraphHelper.createDynamicGraph() took 13 ms.
2025-12-23 23:48:32 INFO  - [TestNG] Time taken by org.testng.reporters.jq.Main@10fde30a: 244 ms
2025-12-23 23:48:32 INFO  - [TestNG] Time taken by org.testng.reporters.FailedReporter@346939bf: 4 ms
2025-12-23 23:48:32 INFO  - [TestNG] Time taken by org.testng.reporters.XMLReporter@7db82169: 19 ms
2025-12-23 23:48:32 INFO  - [TestNG] Time taken by org.testng.reporters.EmailableReporter2@b40bb6e: 16 ms
2025-12-23 23:48:32 INFO  - [TestNG] Time taken by org.testng.reporters.JUnitReportReporter@107ed6fc: 14 ms
2025-12-23 23:48:32 INFO  - [TestNG] Time taken by org.testng.internal.ExitCodeListener@1643d68f: 0 ms
2025-12-24 10:36:02 DEBUG - suiteXmlPath: "E:\Automation\Practice1\testng.xml"
2025-12-24 10:36:03 INFO  - [TestNG] Running:
  E:\Automation\Practice1\testng.xml

2025-12-24 10:36:35 INFO  - Launching a chrome browsers
2025-12-24 10:36:35 INFO  - Application started
2025-12-24 10:36:35 WARN  - Warning message
2025-12-24 10:36:35 ERROR - Test Faileur
2025-12-24 10:36:39 INFO  - Waiting for First Name field
2025-12-24 10:36:39 INFO  - First Name field found and enabled
2025-12-24 10:36:40 INFO  - Entered First Name: AISHA
2025-12-24 10:36:40 INFO  - Waiting for Last Name field
2025-12-24 10:36:40 INFO  - Last Name field found and enabled
2025-12-24 10:36:40 INFO  - Entered Last Name: ZAHID
2025-12-24 10:36:40 INFO  - Waiting for PHONE_NUMBER field
2025-12-24 10:36:40 INFO  - PHONE_NUMBER field found and enabled
2025-12-24 10:36:40 INFO  - Entered PHONE_NUMBER: 0309
2025-12-24 10:36:40 INFO  - Waiting for Country Name field
2025-12-24 10:36:40 INFO  - Country  Name field found and enabled
2025-12-24 10:36:41 INFO  - Entered Country  Name: Pakistan
2025-12-24 10:36:41 INFO  - Waiting for Email Address field
2025-12-24 10:36:41 INFO  - Email Address field found and enabled
2025-12-24 10:36:41 INFO  - Entered Email Address: aishaz
2025-12-24 10:36:41 INFO  - Waiting for Password field
2025-12-24 10:36:41 INFO  -  Password  field found and enabled
2025-12-24 10:36:41 INFO  - Entered  Password : AISHA
2025-12-24 10:36:41 INFO  - Waiting for Register button
2025-12-24 10:36:41 INFO  - Register button found and clickable
2025-12-24 10:36:41 INFO  - Register button clicked successfully
2025-12-24 10:44:52 DEBUG - suiteXmlPath: "E:\Automation\Practice1\testng.xml"
2025-12-24 10:44:53 INFO  - [TestNG] Running:
  E:\Automation\Practice1\testng.xml

2025-12-24 10:44:56 INFO  - Launching a chrome browsers
2025-12-24 10:44:56 INFO  - Application started
2025-12-24 10:44:56 WARN  - Warning message
2025-12-24 10:44:56 ERROR - Test Faileur
2025-12-24 10:44:58 INFO  - Waiting for First Name field
2025-12-24 10:44:59 INFO  - First Name field found and enabled
2025-12-24 10:44:59 INFO  -  Sucessfully Entered First Name
2025-12-24 10:44:59 INFO  - Waiting for Last Name field
2025-12-24 10:44:59 INFO  - Last Name field found and enabled
2025-12-24 10:44:59 INFO  -  Sucessfully Entered Last Name
2025-12-24 10:44:59 INFO  - Waiting for PHONE_NUMBER field
2025-12-24 10:44:59 INFO  - PHONE_NUMBER field found and enabled
2025-12-24 10:44:59 INFO  - Sucessfully entered PHONE_NUMBER
2025-12-24 10:44:59 INFO  - Waiting for Country Name field
2025-12-24 10:44:59 INFO  - Country  Name field found and enabled
2025-12-24 10:45:00 INFO  -  Sucessfully entered Country  Name
2025-12-24 10:45:00 INFO  - Waiting for Email Address field
2025-12-24 10:45:00 INFO  - Email Address field found and enabled
2025-12-24 10:45:00 INFO  - Sucessfully  Entered Email Address
2025-12-24 10:45:00 INFO  - Waiting for Password field
2025-12-24 10:45:00 INFO  -  Password  field found and enabled
2025-12-24 10:45:00 INFO  -  Sucessfully Entered  Password 
2025-12-24 10:45:00 INFO  - Waiting for Register button
2025-12-24 10:45:00 INFO  - Register button found and clickable
2025-12-24 10:45:00 INFO  - Register button clicked successfully
2026-01-01 14:13:02 DEBUG - suiteXmlPath: "E:\Automation\Practice1\testng.xml"
2026-01-01 14:13:03 INFO  - [TestNG] Running:
  E:\Automation\Practice1\testng.xml

2026-01-01 14:13:27 INFO  - Launching a chrome browsers
2026-01-01 14:13:27 INFO  - Application started
2026-01-01 14:13:27 WARN  - Warning message
2026-01-01 14:13:27 ERROR - Test Faileur
2026-01-01 14:13:30 INFO  - Waiting for First Name field
2026-01-01 14:13:30 INFO  - First Name field found and enabled
2026-01-01 14:13:30 INFO  -  Sucessfully Entered First Name
2026-01-01 14:13:30 INFO  - Waiting for Last Name field
2026-01-01 14:13:30 INFO  - Last Name field found and enabled
2026-01-01 14:13:30 INFO  -  Sucessfully Entered Last Name
2026-01-01 14:13:30 INFO  - Waiting for PHONE_NUMBER field
2026-01-01 14:13:30 INFO  - PHONE_NUMBER field found and enabled
2026-01-01 14:13:30 INFO  - Sucessfully entered PHONE_NUMBER
2026-01-01 14:13:30 INFO  - Waiting for Country Name field
2026-01-01 14:13:30 INFO  - Country  Name field found and enabled
2026-01-01 14:13:31 INFO  -  Sucessfully entered Country  Name
2026-01-01 14:13:31 INFO  - Waiting for Email Address field
2026-01-01 14:13:31 INFO  - Email Address field found and enabled
2026-01-01 14:13:31 INFO  - Sucessfully  Entered Email Address
2026-01-01 14:13:31 INFO  - Waiting for Password field
2026-01-01 14:13:31 INFO  -  Password  field found and enabled
2026-01-01 14:13:31 INFO  -  Sucessfully Entered  Password 
2026-01-01 14:13:31 INFO  - Waiting for Register button
2026-01-01 14:13:31 INFO  - Register button found and clickable
2026-01-01 14:13:31 INFO  - Register button clicked successfully
2026-01-01 14:24:51 DEBUG - suiteXmlPath: "E:\Automation\Practice1\testng.xml"
2026-01-01 14:24:52 INFO  - [TestNG] Running:
  E:\Automation\Practice1\testng.xml

2026-01-01 14:24:57 INFO  - Launching a chrome browsers
2026-01-01 14:24:57 INFO  - Application started
2026-01-01 14:24:57 WARN  - Warning message
2026-01-01 14:24:57 ERROR - Test Faileur
2026-01-01 14:25:18 INFO  - Waiting for First Name field
2026-01-01 14:25:18 INFO  - First Name field found and enabled
2026-01-01 14:25:18 INFO  -  Sucessfully Entered First Name
2026-01-01 14:25:18 INFO  - Waiting for Last Name field
2026-01-01 14:25:18 INFO  - Last Name field found and enabled
2026-01-01 14:25:18 INFO  -  Sucessfully Entered Last Name
2026-01-01 14:25:18 INFO  - Waiting for PHONE_NUMBER field
2026-01-01 14:25:19 INFO  - PHONE_NUMBER field found and enabled
2026-01-01 14:25:19 INFO  - Sucessfully entered PHONE_NUMBER
2026-01-01 14:25:19 INFO  - Waiting for Country Name field
2026-01-01 14:25:19 INFO  - Country  Name field found and enabled
2026-01-01 14:25:19 INFO  -  Sucessfully entered Country  Name
2026-01-01 14:25:19 INFO  - Waiting for Email Address field
2026-01-01 14:25:19 INFO  - Email Address field found and enabled
2026-01-01 14:25:20 INFO  - Sucessfully  Entered Email Address
2026-01-01 14:25:20 INFO  - Waiting for Password field
2026-01-01 14:25:20 INFO  -  Password  field found and enabled
2026-01-01 14:25:20 INFO  -  Sucessfully Entered  Password 
2026-01-01 14:25:20 INFO  - Waiting for Register button
2026-01-01 14:25:20 INFO  - Register button found and clickable
2026-01-01 14:25:20 INFO  - Register button clicked successfully
2026-01-01 14:31:56 DEBUG - suiteXmlPath: "E:\Automation\Practice1\testng.xml"
2026-01-01 14:31:57 INFO  - [TestNG] Running:
  E:\Automation\Practice1\testng.xml

2026-01-01 14:32:01 INFO  - Launching a chrome browsers
2026-01-01 14:32:01 INFO  - Application started
2026-01-01 14:32:01 WARN  - Warning message
2026-01-01 14:32:01 ERROR - Test Faileur
2026-01-01 14:32:04 INFO  - Waiting for First Name field
2026-01-01 14:32:04 INFO  - First Name field found and enabled
2026-01-01 14:32:05 INFO  -  Sucessfully Entered First Name
2026-01-01 14:32:05 INFO  - Waiting for Last Name field
2026-01-01 14:32:05 INFO  - Last Name field found and enabled
2026-01-01 14:32:05 INFO  -  Sucessfully Entered Last Name
2026-01-01 14:32:05 INFO  - Waiting for PHONE_NUMBER field
2026-01-01 14:32:05 INFO  - PHONE_NUMBER field found and enabled
2026-01-01 14:32:05 INFO  - Sucessfully entered PHONE_NUMBER
2026-01-01 14:32:05 INFO  - Waiting for Country Name field
2026-01-01 14:32:05 INFO  - Country  Name field found and enabled
2026-01-01 14:32:05 INFO  -  Sucessfully entered Country  Name
2026-01-01 14:32:05 INFO  - Waiting for Email Address field
2026-01-01 14:32:06 INFO  - Email Address field found and enabled
2026-01-01 14:32:06 INFO  - Sucessfully  Entered Email Address
2026-01-01 14:32:06 INFO  - Waiting for Password field
2026-01-01 14:32:06 INFO  -  Password  field found and enabled
2026-01-01 14:32:06 INFO  -  Sucessfully Entered  Password 
2026-01-01 14:32:06 INFO  - Waiting for Register button
2026-01-01 14:32:06 INFO  - Register button found and clickable
2026-01-01 14:32:07 INFO  - Register button clicked successfully
2026-01-01 14:37:15 DEBUG - suiteXmlPath: "E:\Automation\Practice1\testng.xml"
2026-01-01 14:37:16 INFO  - [TestNG] Running:
  E:\Automation\Practice1\testng.xml

2026-01-01 14:37:17 INFO  - Waiting for First Name field
2026-01-01 14:37:17 ERROR - First Name field not found
java.lang.NullPointerException: Cannot invoke "org.openqa.selenium.WebDriver.findElement(org.openqa.selenium.By)" because "driver" is null
	at org.openqa.selenium.support.ui.ExpectedConditions$6.apply(ExpectedConditions.java:174) ~[selenium-support-4.39.0.jar:?]
	at org.openqa.selenium.support.ui.ExpectedConditions$6.apply(ExpectedConditions.java:171) ~[selenium-support-4.39.0.jar:?]
	at org.openqa.selenium.support.ui.FluentWait.until(FluentWait.java:203) ~[selenium-support-4.39.0.jar:?]
	at com.management.Registration2.Registrationform(Registration2.java:59) ~[test-classes/:?]
	at java.base/jdk.internal.reflect.DirectMethodHandleAccessor.invoke(DirectMethodHandleAccessor.java:103) ~[?:?]
	at java.base/java.lang.reflect.Method.invoke(Method.java:580) ~[?:?]
	at org.testng.internal.invokers.MethodInvocationHelper.invokeMethod(MethodInvocationHelper.java:141) ~[org.testng_7.11.0.r202503091654.jar:7.11.0]
	at org.testng.internal.invokers.TestInvoker.invokeMethod(TestInvoker.java:687) ~[org.testng_7.11.0.r202503091654.jar:7.11.0]
	at org.testng.internal.invokers.TestInvoker.invokeTestMethod(TestInvoker.java:230) ~[org.testng_7.11.0.r202503091654.jar:7.11.0]
	at org.testng.internal.invokers.MethodRunner.runInSequence(MethodRunner.java:63) ~[org.testng_7.11.0.r202503091654.jar:7.11.0]
	at org.testng.internal.invokers.TestInvoker$MethodInvocationAgent.invoke(TestInvoker.java:995) ~[org.testng_7.11.0.r202503091654.jar:7.11.0]
	at org.testng.internal.invokers.TestInvoker.invokeTestMethods(TestInvoker.java:203) ~[org.testng_7.11.0.r202503091654.jar:7.11.0]
	at org.testng.internal.invokers.TestMethodWorker.invokeTestMethods(TestMethodWorker.java:154) ~[org.testng_7.11.0.r202503091654.jar:7.11.0]
	at org.testng.internal.invokers.TestMethodWorker.run(TestMethodWorker.java:134) ~[org.testng_7.11.0.r202503091654.jar:7.11.0]
	at java.base/java.util.ArrayList.forEach(ArrayList.java:1596) [?:?]
	at org.testng.TestRunner.privateRun(TestRunner.java:741) [org.testng_7.11.0.r202503091654.jar:7.11.0]
	at org.testng.TestRunner.run(TestRunner.java:616) [org.testng_7.11.0.r202503091654.jar:7.11.0]
	at org.testng.SuiteRunner.runTest(SuiteRunner.java:421) [org.testng_7.11.0.r202503091654.jar:7.11.0]
	at org.testng.SuiteRunner.runSequentially(SuiteRunner.java:413) [org.testng_7.11.0.r202503091654.jar:7.11.0]
	at org.testng.SuiteRunner.privateRun(SuiteRunner.java:373) [org.testng_7.11.0.r202503091654.jar:7.11.0]
	at org.testng.SuiteRunner.run(SuiteRunner.java:312) [org.testng_7.11.0.r202503091654.jar:7.11.0]
	at org.testng.SuiteRunnerWorker.runSuite(SuiteRunnerWorker.java:52) [org.testng_7.11.0.r202503091654.jar:7.11.0]
	at org.testng.SuiteRunnerWorker.run(SuiteRunnerWorker.java:95) [org.testng_7.11.0.r202503091654.jar:7.11.0]
	at org.testng.TestNG.runSuitesSequentially(TestNG.java:1274) [org.testng_7.11.0.r202503091654.jar:7.11.0]
	at org.testng.TestNG.runSuitesLocally(TestNG.java:1208) [org.testng_7.11.0.r202503091654.jar:7.11.0]
	at org.testng.TestNG.runSuites(TestNG.java:1112) [org.testng_7.11.0.r202503091654.jar:7.11.0]
	at org.testng.TestNG.run(TestNG.java:1079) [org.testng_7.11.0.r202503091654.jar:7.11.0]
	at org.testng.remote.AbstractRemoteTestNG.run(AbstractRemoteTestNG.java:115) [testng-remote.jar:?]
	at org.testng.remote.RemoteTestNG.initAndRun(RemoteTestNG.java:293) [testng-remote.jar:?]
	at org.testng.remote.RemoteTestNG.main(RemoteTestNG.java:91) [testng-remote.jar:?]
2026-01-01 14:37:17 INFO  - Waiting for Last Name field
2026-01-01 14:37:17 ERROR - Last Name field not found
java.lang.NullPointerException: Cannot invoke "org.openqa.selenium.WebDriver.findElement(org.openqa.selenium.By)" because "driver" is null
	at org.openqa.selenium.support.ui.ExpectedConditions$6.apply(ExpectedConditions.java:174) ~[selenium-support-4.39.0.jar:?]
	at org.openqa.selenium.support.ui.ExpectedConditions$6.apply(ExpectedConditions.java:171) ~[selenium-support-4.39.0.jar:?]
	at org.openqa.selenium.support.ui.FluentWait.until(FluentWait.java:203) ~[selenium-support-4.39.0.jar:?]
	at com.management.Registration2.Registrationform(Registration2.java:86) ~[test-classes/:?]
	at java.base/jdk.internal.reflect.DirectMethodHandleAccessor.invoke(DirectMethodHandleAccessor.java:103) ~[?:?]
	at java.base/java.lang.reflect.Method.invoke(Method.java:580) ~[?:?]
	at org.testng.internal.invokers.MethodInvocationHelper.invokeMethod(MethodInvocationHelper.java:141) ~[org.testng_7.11.0.r202503091654.jar:7.11.0]
	at org.testng.internal.invokers.TestInvoker.invokeMethod(TestInvoker.java:687) ~[org.testng_7.11.0.r202503091654.jar:7.11.0]
	at org.testng.internal.invokers.TestInvoker.invokeTestMethod(TestInvoker.java:230) ~[org.testng_7.11.0.r202503091654.jar:7.11.0]
	at org.testng.internal.invokers.MethodRunner.runInSequence(MethodRunner.java:63) ~[org.testng_7.11.0.r202503091654.jar:7.11.0]
	at org.testng.internal.invokers.TestInvoker$MethodInvocationAgent.invoke(TestInvoker.java:995) ~[org.testng_7.11.0.r202503091654.jar:7.11.0]
	at org.testng.internal.invokers.TestInvoker.invokeTestMethods(TestInvoker.java:203) ~[org.testng_7.11.0.r202503091654.jar:7.11.0]
	at org.testng.internal.invokers.TestMethodWorker.invokeTestMethods(TestMethodWorker.java:154) ~[org.testng_7.11.0.r202503091654.jar:7.11.0]
	at org.testng.internal.invokers.TestMethodWorker.run(TestMethodWorker.java:134) ~[org.testng_7.11.0.r202503091654.jar:7.11.0]
	at java.base/java.util.ArrayList.forEach(ArrayList.java:1596) [?:?]
	at org.testng.TestRunner.privateRun(TestRunner.java:741) [org.testng_7.11.0.r202503091654.jar:7.11.0]
	at org.testng.TestRunner.run(TestRunner.java:616) [org.testng_7.11.0.r202503091654.jar:7.11.0]
	at org.testng.SuiteRunner.runTest(SuiteRunner.java:421) [org.testng_7.11.0.r202503091654.jar:7.11.0]
	at org.testng.SuiteRunner.runSequentially(SuiteRunner.java:413) [org.testng_7.11.0.r202503091654.jar:7.11.0]
	at org.testng.SuiteRunner.privateRun(SuiteRunner.java:373) [org.testng_7.11.0.r202503091654.jar:7.11.0]
	at org.testng.SuiteRunner.run(SuiteRunner.java:312) [org.testng_7.11.0.r202503091654.jar:7.11.0]
	at org.testng.SuiteRunnerWorker.runSuite(SuiteRunnerWorker.java:52) [org.testng_7.11.0.r202503091654.jar:7.11.0]
	at org.testng.SuiteRunnerWorker.run(SuiteRunnerWorker.java:95) [org.testng_7.11.0.r202503091654.jar:7.11.0]
	at org.testng.TestNG.runSuitesSequentially(TestNG.java:1274) [org.testng_7.11.0.r202503091654.jar:7.11.0]
	at org.testng.TestNG.runSuitesLocally(TestNG.java:1208) [org.testng_7.11.0.r202503091654.jar:7.11.0]
	at org.testng.TestNG.runSuites(TestNG.java:1112) [org.testng_7.11.0.r202503091654.jar:7.11.0]
	at org.testng.TestNG.run(TestNG.java:1079) [org.testng_7.11.0.r202503091654.jar:7.11.0]
	at org.testng.remote.AbstractRemoteTestNG.run(AbstractRemoteTestNG.java:115) [testng-remote.jar:?]
	at org.testng.remote.RemoteTestNG.initAndRun(RemoteTestNG.java:293) [testng-remote.jar:?]
	at org.testng.remote.RemoteTestNG.main(RemoteTestNG.java:91) [testng-remote.jar:?]
2026-01-01 14:37:17 INFO  - Waiting for PHONE_NUMBER field
2026-01-01 14:37:17 ERROR - PHONE_NUMBER field not found
java.lang.NullPointerException: Cannot invoke "org.openqa.selenium.WebDriver.findElement(org.openqa.selenium.By)" because "driver" is null
	at org.openqa.selenium.support.ui.ExpectedConditions$6.apply(ExpectedConditions.java:174) ~[selenium-support-4.39.0.jar:?]
	at org.openqa.selenium.support.ui.ExpectedConditions$6.apply(ExpectedConditions.java:171) ~[selenium-support-4.39.0.jar:?]
	at org.openqa.selenium.support.ui.FluentWait.until(FluentWait.java:203) ~[selenium-support-4.39.0.jar:?]
	at com.management.Registration2.Registrationform(Registration2.java:109) ~[test-classes/:?]
	at java.base/jdk.internal.reflect.DirectMethodHandleAccessor.invoke(DirectMethodHandleAccessor.java:103) ~[?:?]
	at java.base/java.lang.reflect.Method.invoke(Method.java:580) ~[?:?]
	at org.testng.internal.invokers.MethodInvocationHelper.invokeMethod(MethodInvocationHelper.java:141) ~[org.testng_7.11.0.r202503091654.jar:7.11.0]
	at org.testng.internal.invokers.TestInvoker.invokeMethod(TestInvoker.java:687) ~[org.testng_7.11.0.r202503091654.jar:7.11.0]
	at org.testng.internal.invokers.TestInvoker.invokeTestMethod(TestInvoker.java:230) ~[org.testng_7.11.0.r202503091654.jar:7.11.0]
	at org.testng.internal.invokers.MethodRunner.runInSequence(MethodRunner.java:63) ~[org.testng_7.11.0.r202503091654.jar:7.11.0]
	at org.testng.internal.invokers.TestInvoker$MethodInvocationAgent.invoke(TestInvoker.java:995) ~[org.testng_7.11.0.r202503091654.jar:7.11.0]
	at org.testng.internal.invokers.TestInvoker.invokeTestMethods(TestInvoker.java:203) ~[org.testng_7.11.0.r202503091654.jar:7.11.0]
	at org.testng.internal.invokers.TestMethodWorker.invokeTestMethods(TestMethodWorker.java:154) ~[org.testng_7.11.0.r202503091654.jar:7.11.0]
	at org.testng.internal.invokers.TestMethodWorker.run(TestMethodWorker.java:134) ~[org.testng_7.11.0.r202503091654.jar:7.11.0]
	at java.base/java.util.ArrayList.forEach(ArrayList.java:1596) [?:?]
	at org.testng.TestRunner.privateRun(TestRunner.java:741) [org.testng_7.11.0.r202503091654.jar:7.11.0]
	at org.testng.TestRunner.run(TestRunner.java:616) [org.testng_7.11.0.r202503091654.jar:7.11.0]
	at org.testng.SuiteRunner.runTest(SuiteRunner.java:421) [org.testng_7.11.0.r202503091654.jar:7.11.0]
	at org.testng.SuiteRunner.runSequentially(SuiteRunner.java:413) [org.testng_7.11.0.r202503091654.jar:7.11.0]
	at org.testng.SuiteRunner.privateRun(SuiteRunner.java:373) [org.testng_7.11.0.r202503091654.jar:7.11.0]
	at org.testng.SuiteRunner.run(SuiteRunner.java:312) [org.testng_7.11.0.r202503091654.jar:7.11.0]
	at org.testng.SuiteRunnerWorker.runSuite(SuiteRunnerWorker.java:52) [org.testng_7.11.0.r202503091654.jar:7.11.0]
	at org.testng.SuiteRunnerWorker.run(SuiteRunnerWorker.java:95) [org.testng_7.11.0.r202503091654.jar:7.11.0]
	at org.testng.TestNG.runSuitesSequentially(TestNG.java:1274) [org.testng_7.11.0.r202503091654.jar:7.11.0]
	at org.testng.TestNG.runSuitesLocally(TestNG.java:1208) [org.testng_7.11.0.r202503091654.jar:7.11.0]
	at org.testng.TestNG.runSuites(TestNG.java:1112) [org.testng_7.11.0.r202503091654.jar:7.11.0]
	at org.testng.TestNG.run(TestNG.java:1079) [org.testng_7.11.0.r202503091654.jar:7.11.0]
	at org.testng.remote.AbstractRemoteTestNG.run(AbstractRemoteTestNG.java:115) [testng-remote.jar:?]
	at org.testng.remote.RemoteTestNG.initAndRun(RemoteTestNG.java:293) [testng-remote.jar:?]
	at org.testng.remote.RemoteTestNG.main(RemoteTestNG.java:91) [testng-remote.jar:?]
2026-01-01 14:37:17 INFO  - Waiting for Country Name field
2026-01-01 14:37:17 ERROR - Country  Name field not found
java.lang.NullPointerException: Cannot invoke "org.openqa.selenium.WebDriver.findElement(org.openqa.selenium.By)" because "driver" is null
	at org.openqa.selenium.support.ui.ExpectedConditions$6.apply(ExpectedConditions.java:174) ~[selenium-support-4.39.0.jar:?]
	at org.openqa.selenium.support.ui.ExpectedConditions$6.apply(ExpectedConditions.java:171) ~[selenium-support-4.39.0.jar:?]
	at org.openqa.selenium.support.ui.FluentWait.until(FluentWait.java:203) ~[selenium-support-4.39.0.jar:?]
	at com.management.Registration2.Registrationform(Registration2.java:132) ~[test-classes/:?]
	at java.base/jdk.internal.reflect.DirectMethodHandleAccessor.invoke(DirectMethodHandleAccessor.java:103) ~[?:?]
	at java.base/java.lang.reflect.Method.invoke(Method.java:580) ~[?:?]
	at org.testng.internal.invokers.MethodInvocationHelper.invokeMethod(MethodInvocationHelper.java:141) ~[org.testng_7.11.0.r202503091654.jar:7.11.0]
	at org.testng.internal.invokers.TestInvoker.invokeMethod(TestInvoker.java:687) ~[org.testng_7.11.0.r202503091654.jar:7.11.0]
	at org.testng.internal.invokers.TestInvoker.invokeTestMethod(TestInvoker.java:230) ~[org.testng_7.11.0.r202503091654.jar:7.11.0]
	at org.testng.internal.invokers.MethodRunner.runInSequence(MethodRunner.java:63) ~[org.testng_7.11.0.r202503091654.jar:7.11.0]
	at org.testng.internal.invokers.TestInvoker$MethodInvocationAgent.invoke(TestInvoker.java:995) ~[org.testng_7.11.0.r202503091654.jar:7.11.0]
	at org.testng.internal.invokers.TestInvoker.invokeTestMethods(TestInvoker.java:203) ~[org.testng_7.11.0.r202503091654.jar:7.11.0]
	at org.testng.internal.invokers.TestMethodWorker.invokeTestMethods(TestMethodWorker.java:154) ~[org.testng_7.11.0.r202503091654.jar:7.11.0]
	at org.testng.internal.invokers.TestMethodWorker.run(TestMethodWorker.java:134) ~[org.testng_7.11.0.r202503091654.jar:7.11.0]
	at java.base/java.util.ArrayList.forEach(ArrayList.java:1596) [?:?]
	at org.testng.TestRunner.privateRun(TestRunner.java:741) [org.testng_7.11.0.r202503091654.jar:7.11.0]
	at org.testng.TestRunner.run(TestRunner.java:616) [org.testng_7.11.0.r202503091654.jar:7.11.0]
	at org.testng.SuiteRunner.runTest(SuiteRunner.java:421) [org.testng_7.11.0.r202503091654.jar:7.11.0]
	at org.testng.SuiteRunner.runSequentially(SuiteRunner.java:413) [org.testng_7.11.0.r202503091654.jar:7.11.0]
	at org.testng.SuiteRunner.privateRun(SuiteRunner.java:373) [org.testng_7.11.0.r202503091654.jar:7.11.0]
	at org.testng.SuiteRunner.run(SuiteRunner.java:312) [org.testng_7.11.0.r202503091654.jar:7.11.0]
	at org.testng.SuiteRunnerWorker.runSuite(SuiteRunnerWorker.java:52) [org.testng_7.11.0.r202503091654.jar:7.11.0]
	at org.testng.SuiteRunnerWorker.run(SuiteRunnerWorker.java:95) [org.testng_7.11.0.r202503091654.jar:7.11.0]
	at org.testng.TestNG.runSuitesSequentially(TestNG.java:1274) [org.testng_7.11.0.r202503091654.jar:7.11.0]
	at org.testng.TestNG.runSuitesLocally(TestNG.java:1208) [org.testng_7.11.0.r202503091654.jar:7.11.0]
	at org.testng.TestNG.runSuites(TestNG.java:1112) [org.testng_7.11.0.r202503091654.jar:7.11.0]
	at org.testng.TestNG.run(TestNG.java:1079) [org.testng_7.11.0.r202503091654.jar:7.11.0]
	at org.testng.remote.AbstractRemoteTestNG.run(AbstractRemoteTestNG.java:115) [testng-remote.jar:?]
	at org.testng.remote.RemoteTestNG.initAndRun(RemoteTestNG.java:293) [testng-remote.jar:?]
	at org.testng.remote.RemoteTestNG.main(RemoteTestNG.java:91) [testng-remote.jar:?]
2026-01-01 14:37:17 INFO  - Waiting for Email Address field
2026-01-01 14:37:17 ERROR - Email Address field not found
java.lang.NullPointerException: Cannot invoke "org.openqa.selenium.WebDriver.findElement(org.openqa.selenium.By)" because "driver" is null
	at org.openqa.selenium.support.ui.ExpectedConditions$6.apply(ExpectedConditions.java:174) ~[selenium-support-4.39.0.jar:?]
	at org.openqa.selenium.support.ui.ExpectedConditions$6.apply(ExpectedConditions.java:171) ~[selenium-support-4.39.0.jar:?]
	at org.openqa.selenium.support.ui.FluentWait.until(FluentWait.java:203) ~[selenium-support-4.39.0.jar:?]
	at com.management.Registration2.Registrationform(Registration2.java:154) ~[test-classes/:?]
	at java.base/jdk.internal.reflect.DirectMethodHandleAccessor.invoke(DirectMethodHandleAccessor.java:103) ~[?:?]
	at java.base/java.lang.reflect.Method.invoke(Method.java:580) ~[?:?]
	at org.testng.internal.invokers.MethodInvocationHelper.invokeMethod(MethodInvocationHelper.java:141) ~[org.testng_7.11.0.r202503091654.jar:7.11.0]
	at org.testng.internal.invokers.TestInvoker.invokeMethod(TestInvoker.java:687) ~[org.testng_7.11.0.r202503091654.jar:7.11.0]
	at org.testng.internal.invokers.TestInvoker.invokeTestMethod(TestInvoker.java:230) ~[org.testng_7.11.0.r202503091654.jar:7.11.0]
	at org.testng.internal.invokers.MethodRunner.runInSequence(MethodRunner.java:63) ~[org.testng_7.11.0.r202503091654.jar:7.11.0]
	at org.testng.internal.invokers.TestInvoker$MethodInvocationAgent.invoke(TestInvoker.java:995) ~[org.testng_7.11.0.r202503091654.jar:7.11.0]
	at org.testng.internal.invokers.TestInvoker.invokeTestMethods(TestInvoker.java:203) ~[org.testng_7.11.0.r202503091654.jar:7.11.0]
	at org.testng.internal.invokers.TestMethodWorker.invokeTestMethods(TestMethodWorker.java:154) ~[org.testng_7.11.0.r202503091654.jar:7.11.0]
	at org.testng.internal.invokers.TestMethodWorker.run(TestMethodWorker.java:134) ~[org.testng_7.11.0.r202503091654.jar:7.11.0]
	at java.base/java.util.ArrayList.forEach(ArrayList.java:1596) [?:?]
	at org.testng.TestRunner.privateRun(TestRunner.java:741) [org.testng_7.11.0.r202503091654.jar:7.11.0]
	at org.testng.TestRunner.run(TestRunner.java:616) [org.testng_7.11.0.r202503091654.jar:7.11.0]
	at org.testng.SuiteRunner.runTest(SuiteRunner.java:421) [org.testng_7.11.0.r202503091654.jar:7.11.0]
	at org.testng.SuiteRunner.runSequentially(SuiteRunner.java:413) [org.testng_7.11.0.r202503091654.jar:7.11.0]
	at org.testng.SuiteRunner.privateRun(SuiteRunner.java:373) [org.testng_7.11.0.r202503091654.jar:7.11.0]
	at org.testng.SuiteRunner.run(SuiteRunner.java:312) [org.testng_7.11.0.r202503091654.jar:7.11.0]
	at org.testng.SuiteRunnerWorker.runSuite(SuiteRunnerWorker.java:52) [org.testng_7.11.0.r202503091654.jar:7.11.0]
	at org.testng.SuiteRunnerWorker.run(SuiteRunnerWorker.java:95) [org.testng_7.11.0.r202503091654.jar:7.11.0]
	at org.testng.TestNG.runSuitesSequentially(TestNG.java:1274) [org.testng_7.11.0.r202503091654.jar:7.11.0]
	at org.testng.TestNG.runSuitesLocally(TestNG.java:1208) [org.testng_7.11.0.r202503091654.jar:7.11.0]
	at org.testng.TestNG.runSuites(TestNG.java:1112) [org.testng_7.11.0.r202503091654.jar:7.11.0]
	at org.testng.TestNG.run(TestNG.java:1079) [org.testng_7.11.0.r202503091654.jar:7.11.0]
	at org.testng.remote.AbstractRemoteTestNG.run(AbstractRemoteTestNG.java:115) [testng-remote.jar:?]
	at org.testng.remote.RemoteTestNG.initAndRun(RemoteTestNG.java:293) [testng-remote.jar:?]
	at org.testng.remote.RemoteTestNG.main(RemoteTestNG.java:91) [testng-remote.jar:?]
2026-01-01 14:37:17 INFO  - Waiting for Password field
2026-01-01 14:37:17 ERROR -  Password  field not found
java.lang.NullPointerException: Cannot invoke "org.openqa.selenium.WebDriver.findElement(org.openqa.selenium.By)" because "driver" is null
	at org.openqa.selenium.support.ui.ExpectedConditions$6.apply(ExpectedConditions.java:174) ~[selenium-support-4.39.0.jar:?]
	at org.openqa.selenium.support.ui.ExpectedConditions$6.apply(ExpectedConditions.java:171) ~[selenium-support-4.39.0.jar:?]
	at org.openqa.selenium.support.ui.FluentWait.until(FluentWait.java:203) ~[selenium-support-4.39.0.jar:?]
	at com.management.Registration2.Registrationform(Registration2.java:177) ~[test-classes/:?]
	at java.base/jdk.internal.reflect.DirectMethodHandleAccessor.invoke(DirectMethodHandleAccessor.java:103) ~[?:?]
	at java.base/java.lang.reflect.Method.invoke(Method.java:580) ~[?:?]
	at org.testng.internal.invokers.MethodInvocationHelper.invokeMethod(MethodInvocationHelper.java:141) ~[org.testng_7.11.0.r202503091654.jar:7.11.0]
	at org.testng.internal.invokers.TestInvoker.invokeMethod(TestInvoker.java:687) ~[org.testng_7.11.0.r202503091654.jar:7.11.0]
	at org.testng.internal.invokers.TestInvoker.invokeTestMethod(TestInvoker.java:230) ~[org.testng_7.11.0.r202503091654.jar:7.11.0]
	at org.testng.internal.invokers.MethodRunner.runInSequence(MethodRunner.java:63) ~[org.testng_7.11.0.r202503091654.jar:7.11.0]
	at org.testng.internal.invokers.TestInvoker$MethodInvocationAgent.invoke(TestInvoker.java:995) ~[org.testng_7.11.0.r202503091654.jar:7.11.0]
	at org.testng.internal.invokers.TestInvoker.invokeTestMethods(TestInvoker.java:203) ~[org.testng_7.11.0.r202503091654.jar:7.11.0]
	at org.testng.internal.invokers.TestMethodWorker.invokeTestMethods(TestMethodWorker.java:154) ~[org.testng_7.11.0.r202503091654.jar:7.11.0]
	at org.testng.internal.invokers.TestMethodWorker.run(TestMethodWorker.java:134) ~[org.testng_7.11.0.r202503091654.jar:7.11.0]
	at java.base/java.util.ArrayList.forEach(ArrayList.java:1596) [?:?]
	at org.testng.TestRunner.privateRun(TestRunner.java:741) [org.testng_7.11.0.r202503091654.jar:7.11.0]
	at org.testng.TestRunner.run(TestRunner.java:616) [org.testng_7.11.0.r202503091654.jar:7.11.0]
	at org.testng.SuiteRunner.runTest(SuiteRunner.java:421) [org.testng_7.11.0.r202503091654.jar:7.11.0]
	at org.testng.SuiteRunner.runSequentially(SuiteRunner.java:413) [org.testng_7.11.0.r202503091654.jar:7.11.0]
	at org.testng.SuiteRunner.privateRun(SuiteRunner.java:373) [org.testng_7.11.0.r202503091654.jar:7.11.0]
	at org.testng.SuiteRunner.run(SuiteRunner.java:312) [org.testng_7.11.0.r202503091654.jar:7.11.0]
	at org.testng.SuiteRunnerWorker.runSuite(SuiteRunnerWorker.java:52) [org.testng_7.11.0.r202503091654.jar:7.11.0]
	at org.testng.SuiteRunnerWorker.run(SuiteRunnerWorker.java:95) [org.testng_7.11.0.r202503091654.jar:7.11.0]
	at org.testng.TestNG.runSuitesSequentially(TestNG.java:1274) [org.testng_7.11.0.r202503091654.jar:7.11.0]
	at org.testng.TestNG.runSuitesLocally(TestNG.java:1208) [org.testng_7.11.0.r202503091654.jar:7.11.0]
	at org.testng.TestNG.runSuites(TestNG.java:1112) [org.testng_7.11.0.r202503091654.jar:7.11.0]
	at org.testng.TestNG.run(TestNG.java:1079) [org.testng_7.11.0.r202503091654.jar:7.11.0]
	at org.testng.remote.AbstractRemoteTestNG.run(AbstractRemoteTestNG.java:115) [testng-remote.jar:?]
	at org.testng.remote.RemoteTestNG.initAndRun(RemoteTestNG.java:293) [testng-remote.jar:?]
	at org.testng.remote.RemoteTestNG.main(RemoteTestNG.java:91) [testng-remote.jar:?]
2026-01-01 14:37:17 INFO  - Waiting for Register button
2026-01-01 14:37:17 ERROR - Register button not found or not clickable
java.lang.NullPointerException: Cannot invoke "org.openqa.selenium.WebDriver.findElement(org.openqa.selenium.By)" because "driver" is null
	at org.openqa.selenium.support.ui.ExpectedConditions$7.apply(ExpectedConditions.java:198) ~[selenium-support-4.39.0.jar:?]
	at org.openqa.selenium.support.ui.ExpectedConditions$7.apply(ExpectedConditions.java:194) ~[selenium-support-4.39.0.jar:?]
	at org.openqa.selenium.support.ui.ExpectedConditions$22.apply(ExpectedConditions.java:632) ~[selenium-support-4.39.0.jar:?]
	at org.openqa.selenium.support.ui.ExpectedConditions$22.apply(ExpectedConditions.java:629) ~[selenium-support-4.39.0.jar:?]
	at org.openqa.selenium.support.ui.FluentWait.until(FluentWait.java:203) ~[selenium-support-4.39.0.jar:?]
	at com.management.Registration2.Registrationform(Registration2.java:201) ~[test-classes/:?]
	at java.base/jdk.internal.reflect.DirectMethodHandleAccessor.invoke(DirectMethodHandleAccessor.java:103) ~[?:?]
	at java.base/java.lang.reflect.Method.invoke(Method.java:580) ~[?:?]
	at org.testng.internal.invokers.MethodInvocationHelper.invokeMethod(MethodInvocationHelper.java:141) ~[org.testng_7.11.0.r202503091654.jar:7.11.0]
	at org.testng.internal.invokers.TestInvoker.invokeMethod(TestInvoker.java:687) ~[org.testng_7.11.0.r202503091654.jar:7.11.0]
	at org.testng.internal.invokers.TestInvoker.invokeTestMethod(TestInvoker.java:230) ~[org.testng_7.11.0.r202503091654.jar:7.11.0]
	at org.testng.internal.invokers.MethodRunner.runInSequence(MethodRunner.java:63) ~[org.testng_7.11.0.r202503091654.jar:7.11.0]
	at org.testng.internal.invokers.TestInvoker$MethodInvocationAgent.invoke(TestInvoker.java:995) ~[org.testng_7.11.0.r202503091654.jar:7.11.0]
	at org.testng.internal.invokers.TestInvoker.invokeTestMethods(TestInvoker.java:203) ~[org.testng_7.11.0.r202503091654.jar:7.11.0]
	at org.testng.internal.invokers.TestMethodWorker.invokeTestMethods(TestMethodWorker.java:154) ~[org.testng_7.11.0.r202503091654.jar:7.11.0]
	at org.testng.internal.invokers.TestMethodWorker.run(TestMethodWorker.java:134) ~[org.testng_7.11.0.r202503091654.jar:7.11.0]
	at java.base/java.util.ArrayList.forEach(ArrayList.java:1596) [?:?]
	at org.testng.TestRunner.privateRun(TestRunner.java:741) [org.testng_7.11.0.r202503091654.jar:7.11.0]
	at org.testng.TestRunner.run(TestRunner.java:616) [org.testng_7.11.0.r202503091654.jar:7.11.0]
	at org.testng.SuiteRunner.runTest(SuiteRunner.java:421) [org.testng_7.11.0.r202503091654.jar:7.11.0]
	at org.testng.SuiteRunner.runSequentially(SuiteRunner.java:413) [org.testng_7.11.0.r202503091654.jar:7.11.0]
	at org.testng.SuiteRunner.privateRun(SuiteRunner.java:373) [org.testng_7.11.0.r202503091654.jar:7.11.0]
	at org.testng.SuiteRunner.run(SuiteRunner.java:312) [org.testng_7.11.0.r202503091654.jar:7.11.0]
	at org.testng.SuiteRunnerWorker.runSuite(SuiteRunnerWorker.java:52) [org.testng_7.11.0.r202503091654.jar:7.11.0]
	at org.testng.SuiteRunnerWorker.run(SuiteRunnerWorker.java:95) [org.testng_7.11.0.r202503091654.jar:7.11.0]
	at org.testng.TestNG.runSuitesSequentially(TestNG.java:1274) [org.testng_7.11.0.r202503091654.jar:7.11.0]
	at org.testng.TestNG.runSuitesLocally(TestNG.java:1208) [org.testng_7.11.0.r202503091654.jar:7.11.0]
	at org.testng.TestNG.runSuites(TestNG.java:1112) [org.testng_7.11.0.r202503091654.jar:7.11.0]
	at org.testng.TestNG.run(TestNG.java:1079) [org.testng_7.11.0.r202503091654.jar:7.11.0]
	at org.testng.remote.AbstractRemoteTestNG.run(AbstractRemoteTestNG.java:115) [testng-remote.jar:?]
	at org.testng.remote.RemoteTestNG.initAndRun(RemoteTestNG.java:293) [testng-remote.jar:?]
	at org.testng.remote.RemoteTestNG.main(RemoteTestNG.java:91) [testng-remote.jar:?]
2026-01-01 16:14:06 DEBUG - suiteXmlPath: "E:\Automation\Practice1\testng.xml"
2026-01-01 16:14:07 INFO  - [TestNG] Running:
  E:\Automation\Practice1\testng.xml

2026-01-01 16:14:20 INFO  - Launching a chrome browsers
2026-01-01 16:14:20 INFO  - Application started
2026-01-01 16:14:20 WARN  - Warning message
2026-01-01 16:14:20 ERROR - Test Faileur
2026-01-01 16:14:23 INFO  - Waiting for First Name field
2026-01-01 16:14:23 INFO  - First Name field found and enabled
2026-01-01 16:14:23 INFO  -  Sucessfully Entered First Name
2026-01-01 16:14:23 INFO  - Waiting for Last Name field
2026-01-01 16:14:23 INFO  - Last Name field found and enabled
2026-01-01 16:14:23 INFO  -  Sucessfully Entered Last Name
2026-01-01 16:14:23 INFO  - Waiting for PHONE_NUMBER field
2026-01-01 16:14:23 INFO  - PHONE_NUMBER field found and enabled
2026-01-01 16:14:24 INFO  - Sucessfully entered PHONE_NUMBER
2026-01-01 16:14:24 INFO  - Waiting for Country Name field
2026-01-01 16:14:24 INFO  - Country  Name field found and enabled
2026-01-01 16:14:24 INFO  -  Sucessfully entered Country  Name
2026-01-01 16:14:24 INFO  - Waiting for Email Address field
2026-01-01 16:14:24 INFO  - Email Address field found and enabled
2026-01-01 16:14:24 INFO  - Sucessfully  Entered Email Address
2026-01-01 16:14:24 INFO  - Waiting for Password field
2026-01-01 16:14:24 INFO  -  Password  field found and enabled
2026-01-01 16:14:24 INFO  -  Sucessfully Entered  Password 
2026-01-01 16:14:24 INFO  - Waiting for Register button
2026-01-01 16:14:25 INFO  - Register button found and clickable
2026-01-01 16:14:25 INFO  - Register button clicked successfully
2026-01-01 17:20:16 DEBUG - suiteXmlPath: "E:\Automation\Practice1\testng.xml"
2026-01-01 17:20:18 INFO  - [TestNG] Running:
  E:\Automation\Practice1\testng.xml

2026-01-01 17:20:32 INFO  - Launching a chrome browsers
2026-01-01 17:20:32 INFO  - Application started
2026-01-01 17:20:32 WARN  - Warning message
2026-01-01 17:20:32 ERROR - Test Faileur
2026-01-01 17:20:35 INFO  - Waiting for First Name field
2026-01-01 17:20:35 INFO  - First Name field found and enabled
2026-01-01 17:20:35 INFO  -  Sucessfully Entered First Name
2026-01-01 17:20:35 INFO  - Waiting for Last Name field
2026-01-01 17:20:36 INFO  - Last Name field found and enabled
2026-01-01 17:20:36 INFO  -  Sucessfully Entered Last Name
2026-01-01 17:20:36 INFO  - Waiting for PHONE_NUMBER field
2026-01-01 17:20:36 INFO  - PHONE_NUMBER field found and enabled
2026-01-01 17:20:36 INFO  - Sucessfully entered PHONE_NUMBER
2026-01-01 17:20:36 INFO  - Waiting for Country Name field
2026-01-01 17:20:36 INFO  - Country  Name field found and enabled
2026-01-01 17:20:36 INFO  -  Sucessfully entered Country  Name
2026-01-01 17:20:36 INFO  - Waiting for Email Address field
2026-01-01 17:20:36 INFO  - Email Address field found and enabled
2026-01-01 17:20:36 INFO  - Sucessfully  Entered Email Address
2026-01-01 17:20:36 INFO  - Waiting for Password field
2026-01-01 17:20:36 INFO  -  Password  field found and enabled
2026-01-01 17:20:37 INFO  -  Sucessfully Entered  Password 
2026-01-01 17:20:37 INFO  - Waiting for Register button
2026-01-01 17:20:37 INFO  - Register button found and clickable
2026-01-01 17:20:37 INFO  - Register button clicked successfully
