<?xml version="1.0" encoding="UTF-8"?>
<testng-results ignored="5" total="7" passed="2" failed="0" skipped="0">
  <reporter-output>
  </reporter-output>
  <suite started-at="2025-12-24T10:44:53 PKT" name="Suite" finished-at="2025-12-24T10:45:00 PKT" duration-ms="7555">
    <groups>
    </groups>
    <test started-at="2025-12-24T10:44:53 PKT" name="Test" finished-at="2025-12-24T10:45:00 PKT" duration-ms="7555">
      <class name="com.unique.Unique">
        <test-method signature="browse()[pri:0, instance:com.unique.Unique@333dd51e]" started-at="2025-12-24T10:44:53 PKT" name="browse" finished-at="2025-12-24T10:44:58 PKT" duration-ms="5514" status="PASS">
          <reporter-output>
          </reporter-output>
        </test-method> <!-- browse -->
      </class> <!-- com.unique.Unique -->
      <class name="com.management.Registration2">
        <test-method signature="Registrationform()[pri:0, instance:com.management.Registration2@dfddc9a]" started-at="2025-12-24T10:44:58 PKT" name="Registrationform" finished-at="2025-12-24T10:45:00 PKT" duration-ms="1906" status="PASS">
          <reporter-output>
          </reporter-output>
        </test-method> <!-- Registrationform -->
      </class> <!-- com.management.Registration2 -->
    </test> <!-- Test -->
  </suite> <!-- Suite -->
</testng-results>
