<?xml version="1.0" encoding="UTF-8"?>
<testng-results ignored="5" total="6" passed="1" failed="0" skipped="0">
  <reporter-output>
  </reporter-output>
  <suite started-at="2026-01-01T17:20:35 PKT" name="Suite" finished-at="2026-01-01T17:20:37 PKT" duration-ms="1703">
    <groups>
    </groups>
    <test started-at="2026-01-01T17:20:35 PKT" name="Test" finished-at="2026-01-01T17:20:37 PKT" duration-ms="1703">
      <class name="com.unique.Unique">
        <test-method is-config="true" signature="browse()[pri:0, instance:com.unique.Unique@781f10f2]" started-at="2026-01-01T17:20:18 PKT" name="browse" finished-at="2026-01-01T17:20:35 PKT" duration-ms="16729" status="PASS">
          <reporter-output>
          </reporter-output>
        </test-method> <!-- browse -->
        <test-method is-config="true" signature="EntReport()[pri:0, instance:com.unique.Unique@781f10f2]" started-at="2026-01-01T17:20:37 PKT" name="EntReport" finished-at="2026-01-01T17:20:38 PKT" duration-ms="639" status="PASS">
          <reporter-output>
          </reporter-output>
        </test-method> <!-- EntReport -->
      </class> <!-- com.unique.Unique -->
      <class name="com.management.Registration2">
        <test-method signature="Registrationform()[pri:0, instance:com.management.Registration2@3f07b12c]" started-at="2026-01-01T17:20:35 PKT" name="Registrationform" finished-at="2026-01-01T17:20:37 PKT" duration-ms="1614" status="PASS">
          <reporter-output>
          </reporter-output>
        </test-method> <!-- Registrationform -->
      </class> <!-- com.management.Registration2 -->
    </test> <!-- Test -->
  </suite> <!-- Suite -->
</testng-results>
