<?xml version="1.0" encoding="UTF-8"?>
<!-- Generated by org.testng.reporters.JUnitReportReporter -->
<testsuite hostname="DESKTOP-6KB0CJ8" failures="0" tests="2" name="com.management.Registration2" time="1.679" errors="0" timestamp="2025-12-18T16:11:50 PKT" skipped="1">
  <testcase classname="com.management.Registration2" name="Registrationform" time="1.679"/>
  <testcase classname="com.management.Registration2" name="form">
    <skipped/>
  </testcase> <!-- form -->
</testsuite> <!-- com.management.Registration2 -->
